{"name": "test_add_success_15", "status": "broken", "statusDetails": {"message": "selenium.common.exceptions.TimeoutException: Message:", "trace": "self = <TestCases.test_jhxd_apply.TestEnterMain testMethod=test_add_success_15>\n\n    @pytest.mark.smoke\n    def test_add_success_15(self):\n        logging.info(\"******正常场景15：按揭-短期-简化信贷的模板*****\")\n        self.jhxd.click_menu()\n        sleep(1)\n        self.jhxd.add_cust_data(jd.success_customer_data[13][\"cname\"],\n                                jd.success_customer_data[13][\"paperNo\"],\n                                jd.success_customer_data[13][\"phoneNo\"],\n>                               2)\n\nTestCases\\test_jhxd_apply.py:507: \n_ _ _ _ _ _ _ _ _ _ _ _ _ _ _ _ _ _ _ _ _ _ _ _ _ _ _ _ _ _ _ _ _ _ _ _ _ _ _ _\nPageObjects\\jhxd_page.py:72: in add_cust_data\n    self.click_ele_success(loc.loc_cust_cdeSource_first, \"RegisterCustInfoWin-选择客户来源名称第一个\")\nCommon\\basepage.py:220: in click_ele_success\n    self.wait_ele_visible(locator, filename)\nCommon\\basepage.py:53: in wait_ele_visible\n    WebDriverWait(self.driver, timeout, poll_frequency).until(EC.visibility_of_element_located(locator))\n_ _ _ _ _ _ _ _ _ _ _ _ _ _ _ _ _ _ _ _ _ _ _ _ _ _ _ _ _ _ _ _ _ _ _ _ _ _ _ _\n\nself = <selenium.webdriver.support.wait.WebDriverWait (session=\"c02b0ed21e7c64dd782a67d65bba5b7b\")>\nmethod = <selenium.webdriver.support.expected_conditions.visibility_of_element_located object at 0x000001B690877F98>\nmessage = ''\n\n    def until(self, method, message=''):\n        \"\"\"Calls the method provided with the driver as an argument until the \\\n        return value is not False.\"\"\"\n        screen = None\n        stacktrace = None\n    \n        end_time = time.time() + self._timeout\n        while True:\n            try:\n                value = method(self._driver)\n                if value:\n                    return value\n            except self._ignored_exceptions as exc:\n                screen = getattr(exc, 'screen', None)\n                stacktrace = getattr(exc, 'stacktrace', None)\n            time.sleep(self._poll)\n            if time.time() > end_time:\n                break\n>       raise TimeoutException(message, screen, stacktrace)\nE       selenium.common.exceptions.TimeoutException: Message:\n\nC:\\Users\\lenovo\\AppData\\Local\\Programs\\Python\\Python37\\lib\\site-packages\\selenium\\webdriver\\support\\wait.py:80: TimeoutException"}, "attachments": [{"name": "log", "source": "9ee487de-e67f-4383-8ffd-694d5fa0a9c4-attachment.txt", "type": "text/plain"}], "start": 1592270826759, "stop": 1592270855204, "uuid": "967069b9-fd87-4da4-89f1-ace7968ede10", "historyId": "ca94c206863ba29b9e481dd1c3ab08ba", "testCaseId": "ad9ed82fe6bcc3f25944c2067f265325", "fullName": "TestCases.test_jhxd_apply.TestEnterMain#test_add_success_15", "labels": [{"name": "tag", "value": "smoke"}, {"name": "parentSuite", "value": "TestCases"}, {"name": "suite", "value": "test_jhxd_apply"}, {"name": "subSuite", "value": "TestEnterMain"}, {"name": "host", "value": "DESKTOP-JS3Q151"}, {"name": "thread", "value": "4696-MainThread"}, {"name": "framework", "value": "pytest"}, {"name": "language", "value": "cpython3"}, {"name": "package", "value": "TestCases.test_jhxd_apply"}]}