{"name": "test_add_success_17", "status": "broken", "statusDetails": {"message": "selenium.common.exceptions.TimeoutException: Message:", "trace": "self = <TestCases.test_jhxd_apply.TestEnterMain testMethod=test_add_success_17>\n\n    @pytest.mark.smoke\n    def test_add_success_17(self):\n        logging.info(\"******正常场景17：按揭-中长期-简化信贷的模板*****\")\n>       self.jhxd.click_menu()\n\nTestCases\\test_jhxd_apply.py:574: \n_ _ _ _ _ _ _ _ _ _ _ _ _ _ _ _ _ _ _ _ _ _ _ _ _ _ _ _ _ _ _ _ _ _ _ _ _ _ _ _\nPageObjects\\jhxd_page.py:25: in click_menu\n    self.click_ele_success(loc.loc_yw_apply, \"菜单-业务申请办理\")\nCommon\\basepage.py:220: in click_ele_success\n    self.wait_ele_visible(locator, filename)\nCommon\\basepage.py:53: in wait_ele_visible\n    WebDriverWait(self.driver, timeout, poll_frequency).until(EC.visibility_of_element_located(locator))\n_ _ _ _ _ _ _ _ _ _ _ _ _ _ _ _ _ _ _ _ _ _ _ _ _ _ _ _ _ _ _ _ _ _ _ _ _ _ _ _\n\nself = <selenium.webdriver.support.wait.WebDriverWait (session=\"f92117cfc637d10fade7f8799055310f\")>\nmethod = <selenium.webdriver.support.expected_conditions.visibility_of_element_located object at 0x0000023071120D68>\nmessage = ''\n\n    def until(self, method, message=''):\n        \"\"\"Calls the method provided with the driver as an argument until the \\\n        return value is not False.\"\"\"\n        screen = None\n        stacktrace = None\n    \n        end_time = time.time() + self._timeout\n        while True:\n            try:\n                value = method(self._driver)\n                if value:\n                    return value\n            except self._ignored_exceptions as exc:\n                screen = getattr(exc, 'screen', None)\n                stacktrace = getattr(exc, 'stacktrace', None)\n            time.sleep(self._poll)\n            if time.time() > end_time:\n                break\n>       raise TimeoutException(message, screen, stacktrace)\nE       selenium.common.exceptions.TimeoutException: Message:\n\nC:\\Users\\lenovo\\AppData\\Local\\Programs\\Python\\Python37\\lib\\site-packages\\selenium\\webdriver\\support\\wait.py:80: TimeoutException"}, "attachments": [{"name": "log", "source": "40a0a0a0-2210-4973-81a2-ef9837d470fc-attachment.txt", "type": "text/plain"}], "start": 1592214866643, "stop": 1592214885880, "uuid": "74903bab-4063-44de-bf08-8e10c63f3db2", "historyId": "67607e4a36cf275c442c2a9dc33773e1", "testCaseId": "61a8367666869ae3adefdb3aa7b3ab37", "fullName": "TestCases.test_jhxd_apply.TestEnterMain#test_add_success_17", "labels": [{"name": "tag", "value": "smoke"}, {"name": "parentSuite", "value": "TestCases"}, {"name": "suite", "value": "test_jhxd_apply"}, {"name": "subSuite", "value": "TestEnterMain"}, {"name": "host", "value": "DESKTOP-JS3Q151"}, {"name": "thread", "value": "10908-MainThread"}, {"name": "framework", "value": "pytest"}, {"name": "language", "value": "cpython3"}, {"name": "package", "value": "TestCases.test_jhxd_apply"}]}