{"name": "test_add_success_16", "status": "broken", "statusDetails": {"message": "selenium.common.exceptions.TimeoutException: Message:", "trace": "self = <TestCases.test_jhxd_apply.TestEnterMain testMethod=test_add_success_16>\n\n    @pytest.mark.smoke\n    def test_add_success_16(self):\n        logging.info(\"******正常场景16：非按揭:利随本清-简化信贷的模板*****\")\n        self.jhxd.click_menu()\n        sleep(1)\n        self.jhxd.add_cust_data(jd.success_customer_data[14][\"cname\"],\n                                jd.success_customer_data[14][\"paperNo\"],\n                                jd.success_customer_data[14][\"phoneNo\"],\n                                2)\n        sleep(1)  # 这三个元素需要等待一下\n>       self.jhxd.enter_choose_product(1)\n\nTestCases\\test_jhxd_apply.py:545: \n_ _ _ _ _ _ _ _ _ _ _ _ _ _ _ _ _ _ _ _ _ _ _ _ _ _ _ _ _ _ _ _ _ _ _ _ _ _ _ _\nPageObjects\\jhxd_page.py:83: in enter_choose_product\n    self.click_ele_success(loc.loc_addLoan, \"点击新增贷款-进入选择产品和贷款页面\")\nCommon\\basepage.py:220: in click_ele_success\n    self.wait_ele_visible(locator, filename)\nCommon\\basepage.py:53: in wait_ele_visible\n    WebDriverWait(self.driver, timeout, poll_frequency).until(EC.visibility_of_element_located(locator))\n_ _ _ _ _ _ _ _ _ _ _ _ _ _ _ _ _ _ _ _ _ _ _ _ _ _ _ _ _ _ _ _ _ _ _ _ _ _ _ _\n\nself = <selenium.webdriver.support.wait.WebDriverWait (session=\"017af340f6d915af2bb3e07fdd259d9f\")>\nmethod = <selenium.webdriver.support.expected_conditions.visibility_of_element_located object at 0x000001B6908FEC18>\nmessage = ''\n\n    def until(self, method, message=''):\n        \"\"\"Calls the method provided with the driver as an argument until the \\\n        return value is not False.\"\"\"\n        screen = None\n        stacktrace = None\n    \n        end_time = time.time() + self._timeout\n        while True:\n            try:\n                value = method(self._driver)\n                if value:\n                    return value\n            except self._ignored_exceptions as exc:\n                screen = getattr(exc, 'screen', None)\n                stacktrace = getattr(exc, 'stacktrace', None)\n            time.sleep(self._poll)\n            if time.time() > end_time:\n                break\n>       raise TimeoutException(message, screen, stacktrace)\nE       selenium.common.exceptions.TimeoutException: Message:\n\nC:\\Users\\lenovo\\AppData\\Local\\Programs\\Python\\Python37\\lib\\site-packages\\selenium\\webdriver\\support\\wait.py:80: TimeoutException"}, "attachments": [{"name": "log", "source": "45e17e95-8449-4863-b77e-d95933abe89c-attachment.txt", "type": "text/plain"}], "start": 1592270987740, "stop": 1592271015483, "uuid": "63737cfe-06d0-4e71-b5f1-0891cfdecae3", "historyId": "8913fb92b768e67ad8b5a4cc55113a52", "testCaseId": "521e3f51c46a86a07dc34e1ea916ee41", "fullName": "TestCases.test_jhxd_apply.TestEnterMain#test_add_success_16", "labels": [{"name": "tag", "value": "smoke"}, {"name": "parentSuite", "value": "TestCases"}, {"name": "suite", "value": "test_jhxd_apply"}, {"name": "subSuite", "value": "TestEnterMain"}, {"name": "host", "value": "DESKTOP-JS3Q151"}, {"name": "thread", "value": "4696-MainThread"}, {"name": "framework", "value": "pytest"}, {"name": "language", "value": "cpython3"}, {"name": "package", "value": "TestCases.test_jhxd_apply"}]}