{"name": "test_add_success_17", "status": "broken", "statusDetails": {"message": "selenium.common.exceptions.TimeoutException: Message:", "trace": "self = <TestCases.test_jhxd_apply.TestEnterMain testMethod=test_add_success_17>\n\n    @pytest.mark.smoke\n    def test_add_success_17(self):\n        logging.info(\"******正常场景17：按揭-中长期-简化信贷的模板*****\")\n        self.jhxd.click_menu()\n        sleep(1)\n        self.jhxd.add_cust_data(jd.success_customer_data[15][\"cname\"],\n                                jd.success_customer_data[15][\"paperNo\"],\n                                jd.success_customer_data[15][\"phoneNo\"],\n                                2)\n        sleep(1)  # 这三个元素需要等待一下\n>       self.jhxd.enter_choose_product(1)\n\nTestCases\\test_jhxd_apply.py:581: \n_ _ _ _ _ _ _ _ _ _ _ _ _ _ _ _ _ _ _ _ _ _ _ _ _ _ _ _ _ _ _ _ _ _ _ _ _ _ _ _\nPageObjects\\jhxd_page.py:83: in enter_choose_product\n    self.click_ele_success(loc.loc_addLoan, \"点击新增贷款-进入选择产品和贷款页面\")\nCommon\\basepage.py:220: in click_ele_success\n    self.wait_ele_visible(locator, filename)\nCommon\\basepage.py:53: in wait_ele_visible\n    WebDriverWait(self.driver, timeout, poll_frequency).until(EC.visibility_of_element_located(locator))\n_ _ _ _ _ _ _ _ _ _ _ _ _ _ _ _ _ _ _ _ _ _ _ _ _ _ _ _ _ _ _ _ _ _ _ _ _ _ _ _\n\nself = <selenium.webdriver.support.wait.WebDriverWait (session=\"ae1f1e03e68ed4a1c52f420640ed8790\")>\nmethod = <selenium.webdriver.support.expected_conditions.visibility_of_element_located object at 0x00000230710C0898>\nmessage = ''\n\n    def until(self, method, message=''):\n        \"\"\"Calls the method provided with the driver as an argument until the \\\n        return value is not False.\"\"\"\n        screen = None\n        stacktrace = None\n    \n        end_time = time.time() + self._timeout\n        while True:\n            try:\n                value = method(self._driver)\n                if value:\n                    return value\n            except self._ignored_exceptions as exc:\n                screen = getattr(exc, 'screen', None)\n                stacktrace = getattr(exc, 'stacktrace', None)\n            time.sleep(self._poll)\n            if time.time() > end_time:\n                break\n>       raise TimeoutException(message, screen, stacktrace)\nE       selenium.common.exceptions.TimeoutException: Message:\n\nC:\\Users\\lenovo\\AppData\\Local\\Programs\\Python\\Python37\\lib\\site-packages\\selenium\\webdriver\\support\\wait.py:80: TimeoutException"}, "attachments": [{"name": "log", "source": "6ef38242-ee45-4a9d-9e3a-a94f4f2df4b1-attachment.txt", "type": "text/plain"}], "start": 1592214890911, "stop": 1592214918802, "uuid": "58069271-b02d-4063-b333-4de42b8418c0", "historyId": "67607e4a36cf275c442c2a9dc33773e1", "testCaseId": "61a8367666869ae3adefdb3aa7b3ab37", "fullName": "TestCases.test_jhxd_apply.TestEnterMain#test_add_success_17", "labels": [{"name": "tag", "value": "smoke"}, {"name": "parentSuite", "value": "TestCases"}, {"name": "suite", "value": "test_jhxd_apply"}, {"name": "subSuite", "value": "TestEnterMain"}, {"name": "host", "value": "DESKTOP-JS3Q151"}, {"name": "thread", "value": "10908-MainThread"}, {"name": "framework", "value": "pytest"}, {"name": "language", "value": "cpython3"}, {"name": "package", "value": "TestCases.test_jhxd_apply"}]}