{
  "uid" : "5a81fdb8c54d33c0",
  "name" : "test_add_success_16",
  "fullName" : "TestCases.test_jhxd_apply.TestEnterMain#test_add_success_16",
  "historyId" : "8913fb92b768e67ad8b5a4cc55113a52",
  "time" : {
    "start" : 1592270954002,
    "stop" : 1592270982706,
    "duration" : 28704
  },
  "status" : "broken",
  "statusMessage" : "selenium.common.exceptions.TimeoutException: Message:",
  "statusTrace" : "self = <TestCases.test_jhxd_apply.TestEnterMain testMethod=test_add_success_16>\n\n    @pytest.mark.smoke\n    def test_add_success_16(self):\n        logging.info(\"******正常场景16：非按揭:利随本清-简化信贷的模板*****\")\n        self.jhxd.click_menu()\n        sleep(1)\n        self.jhxd.add_cust_data(jd.success_customer_data[14][\"cname\"],\n                                jd.success_customer_data[14][\"paperNo\"],\n                                jd.success_customer_data[14][\"phoneNo\"],\n                                2)\n        sleep(1)  # 这三个元素需要等待一下\n>       self.jhxd.enter_choose_product(1)\n\nTestCases\\test_jhxd_apply.py:545: \n_ _ _ _ _ _ _ _ _ _ _ _ _ _ _ _ _ _ _ _ _ _ _ _ _ _ _ _ _ _ _ _ _ _ _ _ _ _ _ _\nPageObjects\\jhxd_page.py:83: in enter_choose_product\n    self.click_ele_success(loc.loc_addLoan, \"点击新增贷款-进入选择产品和贷款页面\")\nCommon\\basepage.py:220: in click_ele_success\n    self.wait_ele_visible(locator, filename)\nCommon\\basepage.py:53: in wait_ele_visible\n    WebDriverWait(self.driver, timeout, poll_frequency).until(EC.visibility_of_element_located(locator))\n_ _ _ _ _ _ _ _ _ _ _ _ _ _ _ _ _ _ _ _ _ _ _ _ _ _ _ _ _ _ _ _ _ _ _ _ _ _ _ _\n\nself = <selenium.webdriver.support.wait.WebDriverWait (session=\"396a34ebceb79949d353c7fbc4cba4fd\")>\nmethod = <selenium.webdriver.support.expected_conditions.visibility_of_element_located object at 0x000001B69082B710>\nmessage = ''\n\n    def until(self, method, message=''):\n        \"\"\"Calls the method provided with the driver as an argument until the \\\n        return value is not False.\"\"\"\n        screen = None\n        stacktrace = None\n    \n        end_time = time.time() + self._timeout\n        while True:\n            try:\n                value = method(self._driver)\n                if value:\n                    return value\n            except self._ignored_exceptions as exc:\n                screen = getattr(exc, 'screen', None)\n                stacktrace = getattr(exc, 'stacktrace', None)\n            time.sleep(self._poll)\n            if time.time() > end_time:\n                break\n>       raise TimeoutException(message, screen, stacktrace)\nE       selenium.common.exceptions.TimeoutException: Message:\n\nC:\\Users\\lenovo\\AppData\\Local\\Programs\\Python\\Python37\\lib\\site-packages\\selenium\\webdriver\\support\\wait.py:80: TimeoutException",
  "flaky" : false,
  "newFailed" : false,
  "beforeStages" : [ {
    "name" : "_UnitTestCase__pytest_class_setup",
    "time" : {
      "start" : 1592270779692,
      "stop" : 1592270779692,
      "duration" : 0
    },
    "status" : "passed",
    "steps" : [ ],
    "attachments" : [ ],
    "parameters" : [ ],
    "shouldDisplayMessage" : false,
    "attachmentsCount" : 0,
    "stepsCount" : 0,
    "hasContent" : false
  }, {
    "name" : "_session_faker",
    "time" : {
      "start" : 1592270779587,
      "stop" : 1592270779692,
      "duration" : 105
    },
    "status" : "passed",
    "steps" : [ ],
    "attachments" : [ ],
    "parameters" : [ ],
    "shouldDisplayMessage" : false,
    "attachmentsCount" : 0,
    "stepsCount" : 0,
    "hasContent" : false
  } ],
  "testStage" : {
    "status" : "broken",
    "statusMessage" : "selenium.common.exceptions.TimeoutException: Message:",
    "statusTrace" : "self = <TestCases.test_jhxd_apply.TestEnterMain testMethod=test_add_success_16>\n\n    @pytest.mark.smoke\n    def test_add_success_16(self):\n        logging.info(\"******正常场景16：非按揭:利随本清-简化信贷的模板*****\")\n        self.jhxd.click_menu()\n        sleep(1)\n        self.jhxd.add_cust_data(jd.success_customer_data[14][\"cname\"],\n                                jd.success_customer_data[14][\"paperNo\"],\n                                jd.success_customer_data[14][\"phoneNo\"],\n                                2)\n        sleep(1)  # 这三个元素需要等待一下\n>       self.jhxd.enter_choose_product(1)\n\nTestCases\\test_jhxd_apply.py:545: \n_ _ _ _ _ _ _ _ _ _ _ _ _ _ _ _ _ _ _ _ _ _ _ _ _ _ _ _ _ _ _ _ _ _ _ _ _ _ _ _\nPageObjects\\jhxd_page.py:83: in enter_choose_product\n    self.click_ele_success(loc.loc_addLoan, \"点击新增贷款-进入选择产品和贷款页面\")\nCommon\\basepage.py:220: in click_ele_success\n    self.wait_ele_visible(locator, filename)\nCommon\\basepage.py:53: in wait_ele_visible\n    WebDriverWait(self.driver, timeout, poll_frequency).until(EC.visibility_of_element_located(locator))\n_ _ _ _ _ _ _ _ _ _ _ _ _ _ _ _ _ _ _ _ _ _ _ _ _ _ _ _ _ _ _ _ _ _ _ _ _ _ _ _\n\nself = <selenium.webdriver.support.wait.WebDriverWait (session=\"396a34ebceb79949d353c7fbc4cba4fd\")>\nmethod = <selenium.webdriver.support.expected_conditions.visibility_of_element_located object at 0x000001B69082B710>\nmessage = ''\n\n    def until(self, method, message=''):\n        \"\"\"Calls the method provided with the driver as an argument until the \\\n        return value is not False.\"\"\"\n        screen = None\n        stacktrace = None\n    \n        end_time = time.time() + self._timeout\n        while True:\n            try:\n                value = method(self._driver)\n                if value:\n                    return value\n            except self._ignored_exceptions as exc:\n                screen = getattr(exc, 'screen', None)\n                stacktrace = getattr(exc, 'stacktrace', None)\n            time.sleep(self._poll)\n            if time.time() > end_time:\n                break\n>       raise TimeoutException(message, screen, stacktrace)\nE       selenium.common.exceptions.TimeoutException: Message:\n\nC:\\Users\\lenovo\\AppData\\Local\\Programs\\Python\\Python37\\lib\\site-packages\\selenium\\webdriver\\support\\wait.py:80: TimeoutException",
    "steps" : [ ],
    "attachments" : [ {
      "uid" : "5d1d6b95e34c7105",
      "name" : "log",
      "source" : "5d1d6b95e34c7105.txt",
      "type" : "text/plain",
      "size" : 61169
    } ],
    "parameters" : [ ],
    "shouldDisplayMessage" : true,
    "attachmentsCount" : 1,
    "stepsCount" : 0,
    "hasContent" : true
  },
  "afterStages" : [ {
    "name" : "_UnitTestCase__pytest_class_setup::0",
    "time" : {
      "start" : 1592271060430,
      "stop" : 1592271060430,
      "duration" : 0
    },
    "status" : "passed",
    "steps" : [ ],
    "attachments" : [ ],
    "parameters" : [ ],
    "shouldDisplayMessage" : false,
    "attachmentsCount" : 0,
    "stepsCount" : 0,
    "hasContent" : false
  } ],
  "labels" : [ {
    "name" : "tag",
    "value" : "smoke"
  }, {
    "name" : "parentSuite",
    "value" : "TestCases"
  }, {
    "name" : "suite",
    "value" : "test_jhxd_apply"
  }, {
    "name" : "subSuite",
    "value" : "TestEnterMain"
  }, {
    "name" : "host",
    "value" : "DESKTOP-JS3Q151"
  }, {
    "name" : "thread",
    "value" : "4696-MainThread"
  }, {
    "name" : "framework",
    "value" : "pytest"
  }, {
    "name" : "language",
    "value" : "cpython3"
  }, {
    "name" : "package",
    "value" : "TestCases.test_jhxd_apply"
  }, {
    "name" : "resultFormat",
    "value" : "allure2"
  } ],
  "parameters" : [ ],
  "links" : [ ],
  "hidden" : true,
  "retry" : true,
  "extra" : {
    "categories" : [ ],
    "tags" : [ "smoke" ]
  },
  "source" : "5a81fdb8c54d33c0.json",
  "parameterValues" : [ ]
}