{
  "uid" : "85efa796955b0b46",
  "name" : "test_add_success_15",
  "fullName" : "TestCases.test_jhxd_apply.TestEnterMain#test_add_success_15",
  "historyId" : "ca94c206863ba29b9e481dd1c3ab08ba",
  "time" : {
    "start" : 1592214664884,
    "stop" : 1592214694013,
    "duration" : 29129
  },
  "status" : "broken",
  "statusMessage" : "selenium.common.exceptions.TimeoutException: Message:",
  "statusTrace" : "self = <TestCases.test_jhxd_apply.TestEnterMain testMethod=test_add_success_15>\n\n    @pytest.mark.smoke\n    def test_add_success_15(self):\n        logging.info(\"******正常场景15：按揭-短期-简化信贷的模板*****\")\n        self.jhxd.click_menu()\n        sleep(1)\n        self.jhxd.add_cust_data(jd.success_customer_data[12][\"cname\"],\n                                jd.success_customer_data[12][\"paperNo\"],\n                                jd.success_customer_data[12][\"phoneNo\"],\n                                2)\n        sleep(1)  # 这三个元素需要等待一下\n>       self.jhxd.enter_choose_product(1)\n\nTestCases\\test_jhxd_apply.py:509: \n_ _ _ _ _ _ _ _ _ _ _ _ _ _ _ _ _ _ _ _ _ _ _ _ _ _ _ _ _ _ _ _ _ _ _ _ _ _ _ _\nPageObjects\\jhxd_page.py:83: in enter_choose_product\n    self.click_ele_success(loc.loc_addLoan, \"点击新增贷款-进入选择产品和贷款页面\")\nCommon\\basepage.py:220: in click_ele_success\n    self.wait_ele_visible(locator, filename)\nCommon\\basepage.py:53: in wait_ele_visible\n    WebDriverWait(self.driver, timeout, poll_frequency).until(EC.visibility_of_element_located(locator))\n_ _ _ _ _ _ _ _ _ _ _ _ _ _ _ _ _ _ _ _ _ _ _ _ _ _ _ _ _ _ _ _ _ _ _ _ _ _ _ _\n\nself = <selenium.webdriver.support.wait.WebDriverWait (session=\"8d81b3c89136ea11031280cf6cce1f52\")>\nmethod = <selenium.webdriver.support.expected_conditions.visibility_of_element_located object at 0x00000230710DB710>\nmessage = ''\n\n    def until(self, method, message=''):\n        \"\"\"Calls the method provided with the driver as an argument until the \\\n        return value is not False.\"\"\"\n        screen = None\n        stacktrace = None\n    \n        end_time = time.time() + self._timeout\n        while True:\n            try:\n                value = method(self._driver)\n                if value:\n                    return value\n            except self._ignored_exceptions as exc:\n                screen = getattr(exc, 'screen', None)\n                stacktrace = getattr(exc, 'stacktrace', None)\n            time.sleep(self._poll)\n            if time.time() > end_time:\n                break\n>       raise TimeoutException(message, screen, stacktrace)\nE       selenium.common.exceptions.TimeoutException: Message:\n\nC:\\Users\\lenovo\\AppData\\Local\\Programs\\Python\\Python37\\lib\\site-packages\\selenium\\webdriver\\support\\wait.py:80: TimeoutException",
  "flaky" : false,
  "newFailed" : false,
  "beforeStages" : [ {
    "name" : "_session_faker",
    "time" : {
      "start" : 1592214618937,
      "stop" : 1592214619059,
      "duration" : 122
    },
    "status" : "passed",
    "steps" : [ ],
    "attachments" : [ ],
    "parameters" : [ ],
    "shouldDisplayMessage" : false,
    "attachmentsCount" : 0,
    "stepsCount" : 0,
    "hasContent" : false
  }, {
    "name" : "_UnitTestCase__pytest_class_setup",
    "time" : {
      "start" : 1592214619059,
      "stop" : 1592214619059,
      "duration" : 0
    },
    "status" : "passed",
    "steps" : [ ],
    "attachments" : [ ],
    "parameters" : [ ],
    "shouldDisplayMessage" : false,
    "attachmentsCount" : 0,
    "stepsCount" : 0,
    "hasContent" : false
  } ],
  "testStage" : {
    "status" : "broken",
    "statusMessage" : "selenium.common.exceptions.TimeoutException: Message:",
    "statusTrace" : "self = <TestCases.test_jhxd_apply.TestEnterMain testMethod=test_add_success_15>\n\n    @pytest.mark.smoke\n    def test_add_success_15(self):\n        logging.info(\"******正常场景15：按揭-短期-简化信贷的模板*****\")\n        self.jhxd.click_menu()\n        sleep(1)\n        self.jhxd.add_cust_data(jd.success_customer_data[12][\"cname\"],\n                                jd.success_customer_data[12][\"paperNo\"],\n                                jd.success_customer_data[12][\"phoneNo\"],\n                                2)\n        sleep(1)  # 这三个元素需要等待一下\n>       self.jhxd.enter_choose_product(1)\n\nTestCases\\test_jhxd_apply.py:509: \n_ _ _ _ _ _ _ _ _ _ _ _ _ _ _ _ _ _ _ _ _ _ _ _ _ _ _ _ _ _ _ _ _ _ _ _ _ _ _ _\nPageObjects\\jhxd_page.py:83: in enter_choose_product\n    self.click_ele_success(loc.loc_addLoan, \"点击新增贷款-进入选择产品和贷款页面\")\nCommon\\basepage.py:220: in click_ele_success\n    self.wait_ele_visible(locator, filename)\nCommon\\basepage.py:53: in wait_ele_visible\n    WebDriverWait(self.driver, timeout, poll_frequency).until(EC.visibility_of_element_located(locator))\n_ _ _ _ _ _ _ _ _ _ _ _ _ _ _ _ _ _ _ _ _ _ _ _ _ _ _ _ _ _ _ _ _ _ _ _ _ _ _ _\n\nself = <selenium.webdriver.support.wait.WebDriverWait (session=\"8d81b3c89136ea11031280cf6cce1f52\")>\nmethod = <selenium.webdriver.support.expected_conditions.visibility_of_element_located object at 0x00000230710DB710>\nmessage = ''\n\n    def until(self, method, message=''):\n        \"\"\"Calls the method provided with the driver as an argument until the \\\n        return value is not False.\"\"\"\n        screen = None\n        stacktrace = None\n    \n        end_time = time.time() + self._timeout\n        while True:\n            try:\n                value = method(self._driver)\n                if value:\n                    return value\n            except self._ignored_exceptions as exc:\n                screen = getattr(exc, 'screen', None)\n                stacktrace = getattr(exc, 'stacktrace', None)\n            time.sleep(self._poll)\n            if time.time() > end_time:\n                break\n>       raise TimeoutException(message, screen, stacktrace)\nE       selenium.common.exceptions.TimeoutException: Message:\n\nC:\\Users\\lenovo\\AppData\\Local\\Programs\\Python\\Python37\\lib\\site-packages\\selenium\\webdriver\\support\\wait.py:80: TimeoutException",
    "steps" : [ ],
    "attachments" : [ {
      "uid" : "834a8cdbacbd0dc7",
      "name" : "log",
      "source" : "834a8cdbacbd0dc7.txt",
      "type" : "text/plain",
      "size" : 19572
    } ],
    "parameters" : [ ],
    "shouldDisplayMessage" : true,
    "attachmentsCount" : 1,
    "stepsCount" : 0,
    "hasContent" : true
  },
  "afterStages" : [ {
    "name" : "_UnitTestCase__pytest_class_setup::0",
    "time" : {
      "start" : 1592214861639,
      "stop" : 1592214861639,
      "duration" : 0
    },
    "status" : "passed",
    "steps" : [ ],
    "attachments" : [ ],
    "parameters" : [ ],
    "shouldDisplayMessage" : false,
    "attachmentsCount" : 0,
    "stepsCount" : 0,
    "hasContent" : false
  } ],
  "labels" : [ {
    "name" : "tag",
    "value" : "smoke"
  }, {
    "name" : "parentSuite",
    "value" : "TestCases"
  }, {
    "name" : "suite",
    "value" : "test_jhxd_apply"
  }, {
    "name" : "subSuite",
    "value" : "TestEnterMain"
  }, {
    "name" : "host",
    "value" : "DESKTOP-JS3Q151"
  }, {
    "name" : "thread",
    "value" : "10908-MainThread"
  }, {
    "name" : "framework",
    "value" : "pytest"
  }, {
    "name" : "language",
    "value" : "cpython3"
  }, {
    "name" : "package",
    "value" : "TestCases.test_jhxd_apply"
  }, {
    "name" : "resultFormat",
    "value" : "allure2"
  } ],
  "parameters" : [ ],
  "links" : [ ],
  "hidden" : true,
  "retry" : true,
  "extra" : {
    "categories" : [ ],
    "tags" : [ "smoke" ]
  },
  "source" : "85efa796955b0b46.json",
  "parameterValues" : [ ]
}